
<<<<<<< HEAD
<<<<<<< HEAD
<<<<<<< HEAD
<<<<<<< HEAD
<<<<<<< HEAD
added 482 packages, and audited 483 packages in 7s
=======
added 482 packages, and audited 483 packages in 10s
>>>>>>> 714545bded0292b23f19d0ff5b368e03cb82d661
=======
added 482 packages, and audited 483 packages in 7s
>>>>>>> d6a9f4c1b44c8b3717816b9ea4acc68636aac3a2
=======
added 482 packages, and audited 483 packages in 10s
>>>>>>> 663a169dad90376bcbd9311b72e1c846c61adb8f
=======
added 482 packages, and audited 483 packages in 7s
>>>>>>> worksihope
=======
added 482 packages, and audited 483 packages in 10s
>>>>>>> cb673dae1d0ae91743a9b252cb5fcf9111dd3b56

50 packages are looking for funding
  run `npm fund` for details

5 vulnerabilities (1 moderate, 4 high)

To address all issues, run:
  npm audit fix

Run `npm audit` for details.
